Started GET "/" for ::1 at 2021-08-02 13:25:52 +0200
  [1m[35m (12.9ms)[0m  [1m[34mSELECT sqlite_version(*)[0m
Processing by Rails::WelcomeController#index as HTML
  Rendering /Users/felixhermann/.rvm/gems/ruby-2.6.6/gems/railties-6.0.4/lib/rails/templates/rails/welcome/index.html.erb
  Rendered /Users/felixhermann/.rvm/gems/ruby-2.6.6/gems/railties-6.0.4/lib/rails/templates/rails/welcome/index.html.erb (Duration: 24.6ms | Allocations: 468)
Completed 200 OK in 49ms (Views: 33.8ms | ActiveRecord: 0.0ms | Allocations: 2721)


Started GET "/" for ::1 at 2021-08-02 13:28:26 +0200
  [1m[35m (0.5ms)[0m  [1m[34mSELECT sqlite_version(*)[0m
  
NameError (uninitialized constant ApplicationHelper
Did you mean?  ApplicationRecord
               ApplicationMailer
               ApplicationCable):
  
app/controllers/application_controller.rb:1:in `<main>'
app/controllers/pages_controller.rb:1:in `<main>'
Started GET "/" for ::1 at 2021-08-02 13:29:15 +0200
  [1m[35m (1.3ms)[0m  [1m[34mSELECT sqlite_version(*)[0m
Processing by PagesController#boys as HTML
  Rendering pages/boys.html.erb within layouts/application
  Rendered pages/boys.html.erb within layouts/application (Duration: 7.6ms | Allocations: 300)
[Webpacker] Compiling...
[Webpacker] Compilation failed:
yarn run v1.22.10
info Visit https://yarnpkg.com/en/docs/cli/run for documentation about this command.


error Command "webpack" not found.

Completed 500 Internal Server Error in 1632ms (ActiveRecord: 0.0ms | Allocations: 16820)


  
ActionView::Template::Error (Webpacker can't find application in /Users/felixhermann/Documents/Codealpha/vakanzmatdenboys/public/packs/manifest.json. Possible causes:
1. You want to set webpacker.yml value of compile to true for your environment
   unless you are using the `webpack -w` or the webpack-dev-server.
2. webpack has not yet re-run to reflect updates.
3. You have misconfigured Webpacker's config/webpacker.yml file.
4. Your webpack configuration is not creating a manifest.
Your manifest contains:
{
}
):
     6:     <%= csp_meta_tag %>
     7: 
     8:     <%= stylesheet_link_tag 'application', media: 'all', 'data-turbolinks-track': 'reload' %>
     9:     <%= javascript_pack_tag 'application', 'data-turbolinks-track': 'reload' %>
    10:   </head>
    11: 
    12:   <body>
  
app/views/layouts/application.html.erb:9
Started GET "/" for ::1 at 2021-08-02 13:32:10 +0200
  [1m[35m (1.1ms)[0m  [1m[34mSELECT sqlite_version(*)[0m
Processing by PagesController#boys as HTML
  Rendering pages/boys.html.erb within layouts/application
  Rendered pages/boys.html.erb within layouts/application (Duration: 3.2ms | Allocations: 184)
[Webpacker] Compiling...
[Webpacker] Compilation failed:
yarn run v1.22.10
info Visit https://yarnpkg.com/en/docs/cli/run for documentation about this command.


error Command "webpack" not found.

Completed 500 Internal Server Error in 2151ms (ActiveRecord: 0.0ms | Allocations: 8802)


  
ActionView::Template::Error (Webpacker can't find application in /Users/felixhermann/Documents/Codealpha/vakanzmatdenboys/public/packs/manifest.json. Possible causes:
1. You want to set webpacker.yml value of compile to true for your environment
   unless you are using the `webpack -w` or the webpack-dev-server.
2. webpack has not yet re-run to reflect updates.
3. You have misconfigured Webpacker's config/webpacker.yml file.
4. Your webpack configuration is not creating a manifest.
Your manifest contains:
{
}
):
     6:     <%= csp_meta_tag %>
     7: 
     8:     <%= stylesheet_link_tag 'application', media: 'all', 'data-turbolinks-track': 'reload' %>
     9:     <%= javascript_pack_tag 'application', 'data-turbolinks-track': 'reload' %>
    10:   </head>
    11: 
    12:   <body>
  
app/views/layouts/application.html.erb:9
Started GET "/" for ::1 at 2021-08-02 13:33:40 +0200
  [1m[35m (0.8ms)[0m  [1m[34mSELECT sqlite_version(*)[0m
Processing by PagesController#boys as HTML
  Rendering pages/boys.html.erb within layouts/application
  Rendered pages/boys.html.erb within layouts/application (Duration: 2.6ms | Allocations: 184)
[Webpacker] Compiling...
[Webpacker] Compilation failed:
yarn run v1.22.10
info Visit https://yarnpkg.com/en/docs/cli/run for documentation about this command.


error Command "webpack" not found.

Completed 500 Internal Server Error in 1570ms (ActiveRecord: 0.0ms | Allocations: 8801)


  
ActionView::Template::Error (Webpacker can't find application in /Users/felixhermann/Documents/Codealpha/vakanzmatdenboys/public/packs/manifest.json. Possible causes:
1. You want to set webpacker.yml value of compile to true for your environment
   unless you are using the `webpack -w` or the webpack-dev-server.
2. webpack has not yet re-run to reflect updates.
3. You have misconfigured Webpacker's config/webpacker.yml file.
4. Your webpack configuration is not creating a manifest.
Your manifest contains:
{
}
):
     6:     <%= csp_meta_tag %>
     7: 
     8:     <%= stylesheet_link_tag 'application', media: 'all', 'data-turbolinks-track': 'reload' %>
     9:     <%= javascript_pack_tag 'application', 'data-turbolinks-track': 'reload' %>
    10:   </head>
    11: 
    12:   <body>
  
app/views/layouts/application.html.erb:9
Started GET "/" for ::1 at 2021-08-02 13:38:12 +0200
  [1m[35m (1.0ms)[0m  [1m[34mSELECT sqlite_version(*)[0m
Processing by PagesController#boys as HTML
  Rendering pages/boys.html.erb within layouts/application
  Rendered pages/boys.html.erb within layouts/application (Duration: 2.9ms | Allocations: 184)
[Webpacker] Compiling...
[Webpacker] Compilation failed:
yarn run v1.22.10
info Visit https://yarnpkg.com/en/docs/cli/run for documentation about this command.


error Command "webpack" not found.

Completed 500 Internal Server Error in 2158ms (ActiveRecord: 0.0ms | Allocations: 8802)


  
ActionView::Template::Error (Webpacker can't find application in /Users/felixhermann/Documents/Codealpha/vakanzmatdenboys/public/packs/manifest.json. Possible causes:
1. You want to set webpacker.yml value of compile to true for your environment
   unless you are using the `webpack -w` or the webpack-dev-server.
2. webpack has not yet re-run to reflect updates.
3. You have misconfigured Webpacker's config/webpacker.yml file.
4. Your webpack configuration is not creating a manifest.
Your manifest contains:
{
}
):
     6:     <%= csp_meta_tag %>
     7: 
     8:     <%= stylesheet_link_tag 'application', media: 'all', 'data-turbolinks-track': 'reload' %>
     9:     <%= javascript_pack_tag 'application', 'data-turbolinks-track': 'reload' %>
    10:   </head>
    11: 
    12:   <body>
  
app/views/layouts/application.html.erb:9
Started GET "/" for ::1 at 2021-08-02 13:41:45 +0200
  [1m[35m (1.5ms)[0m  [1m[34mSELECT sqlite_version(*)[0m
Processing by PagesController#boys as HTML
  Rendering pages/boys.html.erb within layouts/application
  Rendered pages/boys.html.erb within layouts/application (Duration: 2.2ms | Allocations: 184)
[Webpacker] Compiling...
[Webpacker] Compilation failed:
yarn run v1.22.10
info Visit https://yarnpkg.com/en/docs/cli/run for documentation about this command.


error Command "webpack" not found.

Completed 500 Internal Server Error in 1823ms (ActiveRecord: 0.0ms | Allocations: 8801)


  
ActionView::Template::Error (Webpacker can't find application in /Users/felixhermann/Documents/Codealpha/vakanzmatdenboys/public/packs/manifest.json. Possible causes:
1. You want to set webpacker.yml value of compile to true for your environment
   unless you are using the `webpack -w` or the webpack-dev-server.
2. webpack has not yet re-run to reflect updates.
3. You have misconfigured Webpacker's config/webpacker.yml file.
4. Your webpack configuration is not creating a manifest.
Your manifest contains:
{
}
):
     6:     <%= csp_meta_tag %>
     7: 
     8:     <%= stylesheet_link_tag 'application', media: 'all', 'data-turbolinks-track': 'reload' %>
     9:     <%= javascript_pack_tag 'application', 'data-turbolinks-track': 'reload' %>
    10:   </head>
    11: 
    12:   <body>
  
app/views/layouts/application.html.erb:9
Started GET "/" for ::1 at 2021-08-02 13:43:56 +0200
  [1m[35m (1.3ms)[0m  [1m[34mSELECT sqlite_version(*)[0m
Processing by PagesController#boys as HTML
  Rendering pages/boys.html.erb within layouts/application
  Rendered pages/boys.html.erb within layouts/application (Duration: 4.0ms | Allocations: 184)
[Webpacker] Compiling...
[Webpacker] Compilation failed:
yarn run v1.22.10
info Visit https://yarnpkg.com/en/docs/cli/run for documentation about this command.


error Command "webpack" not found.

Completed 500 Internal Server Error in 1937ms (ActiveRecord: 0.0ms | Allocations: 8822)


  
ActionView::Template::Error (Webpacker can't find application in /Users/felixhermann/Documents/Codealpha/vakanzmatdenboys/public/packs/manifest.json. Possible causes:
1. You want to set webpacker.yml value of compile to true for your environment
   unless you are using the `webpack -w` or the webpack-dev-server.
2. webpack has not yet re-run to reflect updates.
3. You have misconfigured Webpacker's config/webpacker.yml file.
4. Your webpack configuration is not creating a manifest.
Your manifest contains:
{
}
):
     6:     <%= csp_meta_tag %>
     7: 
     8:     <%= stylesheet_link_tag 'application', media: 'all', 'data-turbolinks-track': 'reload' %>
     9:     <%= javascript_pack_tag 'application', 'data-turbolinks-track': 'reload' %>
    10:   </head>
    11: 
    12:   <body>
  
app/views/layouts/application.html.erb:9
Started GET "/" for ::1 at 2021-08-02 13:46:59 +0200
  [1m[35m (1.1ms)[0m  [1m[34mSELECT sqlite_version(*)[0m
Processing by PagesController#boys as HTML
  Rendering pages/boys.html.erb within layouts/application
  Rendered pages/boys.html.erb within layouts/application (Duration: 1.5ms | Allocations: 268)
[Webpacker] Compiling...
[Webpacker] Compilation failed:
yarn run v1.22.10
info Visit https://yarnpkg.com/en/docs/cli/run for documentation about this command.


error Command "webpack" not found.

Completed 500 Internal Server Error in 1661ms (ActiveRecord: 0.0ms | Allocations: 9226)


  
ActionView::Template::Error (Webpacker can't find application in /Users/felixhermann/Documents/Codealpha/vakanzmatdenboys/public/packs/manifest.json. Possible causes:
1. You want to set webpacker.yml value of compile to true for your environment
   unless you are using the `webpack -w` or the webpack-dev-server.
2. webpack has not yet re-run to reflect updates.
3. You have misconfigured Webpacker's config/webpacker.yml file.
4. Your webpack configuration is not creating a manifest.
Your manifest contains:
{
}
):
     6:     <%= csp_meta_tag %>
     7: 
     8:     <%= stylesheet_link_tag 'application', media: 'all', 'data-turbolinks-track': 'reload' %>
     9:     <%= javascript_pack_tag 'application', 'data-turbolinks-track': 'reload' %>
    10:   </head>
    11: 
    12:   <body>
  
app/views/layouts/application.html.erb:9
Started GET "/" for ::1 at 2021-08-02 13:47:51 +0200
Processing by PagesController#boys as HTML
  Rendering pages/boys.html.erb within layouts/application
  Rendered pages/boys.html.erb within layouts/application (Duration: 0.1ms | Allocations: 5)
[Webpacker] Compiling...
[Webpacker] Compilation failed:
yarn run v1.22.10
info Visit https://yarnpkg.com/en/docs/cli/run for documentation about this command.


error Command "webpack" not found.

Completed 500 Internal Server Error in 1369ms (ActiveRecord: 0.0ms | Allocations: 5343)


  
ActionView::Template::Error (Webpacker can't find application in /Users/felixhermann/Documents/Codealpha/vakanzmatdenboys/public/packs/manifest.json. Possible causes:
1. You want to set webpacker.yml value of compile to true for your environment
   unless you are using the `webpack -w` or the webpack-dev-server.
2. webpack has not yet re-run to reflect updates.
3. You have misconfigured Webpacker's config/webpacker.yml file.
4. Your webpack configuration is not creating a manifest.
Your manifest contains:
{
}
):
     6:     <%= csp_meta_tag %>
     7: 
     8:     <%= stylesheet_link_tag 'application', media: 'all', 'data-turbolinks-track': 'reload' %>
     9:     <%= javascript_pack_tag 'application', 'data-turbolinks-track': 'reload' %>
    10:   </head>
    11: 
    12:   <body>
  
app/views/layouts/application.html.erb:9
Started GET "/" for ::1 at 2021-08-02 13:48:05 +0200
Processing by PagesController#boys as HTML
  Rendering pages/boys.html.erb within layouts/application
  Rendered pages/boys.html.erb within layouts/application (Duration: 0.4ms | Allocations: 72)
Completed 200 OK in 8ms (Views: 7.1ms | ActiveRecord: 0.0ms | Allocations: 2425)


Started GET "/" for ::1 at 2021-08-02 13:54:45 +0200
  [1m[35m (0.1ms)[0m  [1m[34mSELECT sqlite_version(*)[0m
Processing by PagesController#boys as HTML
  Rendering pages/boys.html.erb within layouts/application
  Rendered pages/boys.html.erb within layouts/application (Duration: 0.7ms | Allocations: 138)
Completed 200 OK in 11ms (Views: 9.6ms | ActiveRecord: 0.0ms | Allocations: 2546)


Started GET "/" for ::1 at 2021-08-02 13:55:45 +0200
Processing by PagesController#boys as HTML
  Rendering pages/boys.html.erb within layouts/application
  Rendered pages/boys.html.erb within layouts/application (Duration: 0.1ms | Allocations: 4)
Completed 200 OK in 132ms (Views: 130.7ms | ActiveRecord: 0.0ms | Allocations: 8253)


Started GET "/" for ::1 at 2021-08-02 14:01:24 +0200
  [1m[35m (0.7ms)[0m  [1m[34mSELECT sqlite_version(*)[0m
Processing by PagesController#boys as HTML
  Rendering pages/boys.html.erb within layouts/application
  Rendered pages/boys.html.erb within layouts/application (Duration: 2.2ms | Allocations: 134)
Completed 200 OK in 104ms (Views: 96.6ms | ActiveRecord: 0.0ms | Allocations: 11437)


Started GET "/" for ::1 at 2021-08-02 14:02:18 +0200
Processing by PagesController#boys as HTML
  Rendering pages/boys.html.erb within layouts/application
  Rendered pages/boys.html.erb within layouts/application (Duration: 0.1ms | Allocations: 4)
Completed 200 OK in 87ms (Views: 86.1ms | ActiveRecord: 0.0ms | Allocations: 10465)


Started GET "/" for ::1 at 2021-08-02 14:02:22 +0200
Processing by PagesController#boys as HTML
  Rendering pages/boys.html.erb within layouts/application
  Rendered pages/boys.html.erb within layouts/application (Duration: 0.1ms | Allocations: 4)
Completed 200 OK in 7ms (Views: 6.4ms | ActiveRecord: 0.0ms | Allocations: 1870)


Started GET "/" for ::1 at 2021-08-02 14:03:21 +0200
Processing by PagesController#boys as HTML
  Rendering pages/boys.html.erb within layouts/application
  Rendered pages/boys.html.erb within layouts/application (Duration: 1.0ms | Allocations: 161)
Completed 200 OK in 13ms (Views: 10.4ms | ActiveRecord: 0.0ms | Allocations: 2739)


Started GET "/" for ::1 at 2021-08-02 14:04:52 +0200
Processing by PagesController#boys as HTML
  Rendering pages/boys.html.erb within layouts/application
  Rendered pages/boys.html.erb within layouts/application (Duration: 0.1ms | Allocations: 4)
Completed 200 OK in 149ms (Views: 148.0ms | ActiveRecord: 0.0ms | Allocations: 11219)


Started GET "/" for ::1 at 2021-08-02 14:05:05 +0200
Processing by PagesController#boys as HTML
  Rendering pages/boys.html.erb within layouts/application
  Rendered pages/boys.html.erb within layouts/application (Duration: 0.1ms | Allocations: 4)
Completed 200 OK in 85ms (Views: 83.5ms | ActiveRecord: 0.0ms | Allocations: 10755)


Started GET "/" for ::1 at 2021-08-02 14:05:58 +0200
Processing by PagesController#boys as HTML
  Rendering pages/boys.html.erb within layouts/application
  Rendered pages/boys.html.erb within layouts/application (Duration: 0.7ms | Allocations: 168)
Completed 200 OK in 69ms (Views: 67.9ms | ActiveRecord: 0.0ms | Allocations: 11613)


Started GET "/" for ::1 at 2021-08-02 14:07:27 +0200
Processing by PagesController#boys as HTML
  Rendering pages/boys.html.erb within layouts/application
  Rendered pages/boys.html.erb within layouts/application (Duration: 1.5ms | Allocations: 163)
Completed 200 OK in 107ms (Views: 103.1ms | ActiveRecord: 0.0ms | Allocations: 12067)


Started GET "/" for ::1 at 2021-08-02 14:07:38 +0200
Processing by PagesController#boys as HTML
  Rendering pages/boys.html.erb within layouts/application
  Rendered pages/boys.html.erb within layouts/application (Duration: 0.1ms | Allocations: 4)
Completed 200 OK in 59ms (Views: 58.3ms | ActiveRecord: 0.0ms | Allocations: 10753)


Started GET "/" for ::1 at 2021-08-02 14:07:48 +0200
Processing by PagesController#boys as HTML
  Rendering pages/boys.html.erb within layouts/application
  Rendered pages/boys.html.erb within layouts/application (Duration: 0.1ms | Allocations: 4)
Completed 200 OK in 68ms (Views: 67.3ms | ActiveRecord: 0.0ms | Allocations: 10740)


Started GET "/" for ::1 at 2021-08-02 14:08:00 +0200
Processing by PagesController#boys as HTML
  Rendering pages/boys.html.erb within layouts/application
  Rendered pages/boys.html.erb within layouts/application (Duration: 0.1ms | Allocations: 4)
Completed 200 OK in 115ms (Views: 114.4ms | ActiveRecord: 0.0ms | Allocations: 12010)


Started GET "/" for ::1 at 2021-08-02 14:08:17 +0200
Processing by PagesController#boys as HTML
  Rendering pages/boys.html.erb within layouts/application
  Rendered pages/boys.html.erb within layouts/application (Duration: 0.7ms | Allocations: 164)
Completed 200 OK in 9ms (Views: 7.9ms | ActiveRecord: 0.0ms | Allocations: 2741)


Started GET "/" for ::1 at 2021-08-02 14:08:43 +0200
Processing by PagesController#boys as HTML
  Rendering pages/boys.html.erb within layouts/application
  Rendered pages/boys.html.erb within layouts/application (Duration: 0.7ms | Allocations: 159)
Completed 200 OK in 8ms (Views: 6.6ms | ActiveRecord: 0.0ms | Allocations: 2729)


Started GET "/" for ::1 at 2021-08-02 14:08:52 +0200
Processing by PagesController#boys as HTML
  Rendering pages/boys.html.erb within layouts/application
  Rendered pages/boys.html.erb within layouts/application (Duration: 0.5ms | Allocations: 159)
Completed 200 OK in 8ms (Views: 6.2ms | ActiveRecord: 0.0ms | Allocations: 2713)


Started GET "/" for ::1 at 2021-08-02 14:09:13 +0200
Processing by PagesController#boys as HTML
  Rendering pages/boys.html.erb within layouts/application
  Rendered pages/boys.html.erb within layouts/application (Duration: 0.7ms | Allocations: 159)
Completed 200 OK in 10ms (Views: 8.1ms | ActiveRecord: 0.0ms | Allocations: 2725)


Started GET "/" for ::1 at 2021-08-02 14:09:59 +0200
Processing by PagesController#boys as HTML
  Rendering pages/boys.html.erb within layouts/application
  Rendered pages/boys.html.erb within layouts/application (Duration: 0.1ms | Allocations: 4)
Completed 200 OK in 89ms (Views: 88.6ms | ActiveRecord: 0.0ms | Allocations: 11627)


Started GET "/" for ::1 at 2021-08-02 14:10:33 +0200
Processing by PagesController#boys as HTML
  Rendering pages/boys.html.erb within layouts/application
  Rendered pages/boys.html.erb within layouts/application (Duration: 0.1ms | Allocations: 5)
Completed 200 OK in 65ms (Views: 64.5ms | ActiveRecord: 0.0ms | Allocations: 12053)


Started GET "/" for ::1 at 2021-08-02 14:10:41 +0200
Processing by PagesController#boys as HTML
  Rendering pages/boys.html.erb within layouts/application
  Rendered pages/boys.html.erb within layouts/application (Duration: 0.1ms | Allocations: 4)
Completed 200 OK in 94ms (Views: 92.6ms | ActiveRecord: 0.0ms | Allocations: 11206)


Started GET "/" for ::1 at 2021-08-02 14:10:48 +0200
Processing by PagesController#boys as HTML
  Rendering pages/boys.html.erb within layouts/application
  Rendered pages/boys.html.erb within layouts/application (Duration: 0.1ms | Allocations: 4)
Completed 200 OK in 131ms (Views: 129.6ms | ActiveRecord: 0.0ms | Allocations: 11214)


Started GET "/" for ::1 at 2021-08-02 14:11:09 +0200
Processing by PagesController#boys as HTML
  Rendering pages/boys.html.erb within layouts/application
  Rendered pages/boys.html.erb within layouts/application (Duration: 0.1ms | Allocations: 4)
Completed 200 OK in 75ms (Views: 74.4ms | ActiveRecord: 0.0ms | Allocations: 12145)


Started GET "/" for ::1 at 2021-08-02 14:11:16 +0200
Processing by PagesController#boys as HTML
  Rendering pages/boys.html.erb within layouts/application
  Rendered pages/boys.html.erb within layouts/application (Duration: 0.1ms | Allocations: 4)
Completed 200 OK in 64ms (Views: 63.7ms | ActiveRecord: 0.0ms | Allocations: 11593)


Started GET "/" for ::1 at 2021-08-02 14:25:14 +0200
  [1m[35m (0.5ms)[0m  [1m[34mSELECT sqlite_version(*)[0m
Processing by PagesController#boys as HTML
  Rendering pages/boys.html.erb within layouts/application
  Rendered pages/boys.html.erb within layouts/application (Duration: 5.9ms | Allocations: 177)
Completed 200 OK in 70ms (Views: 62.2ms | ActiveRecord: 0.0ms | Allocations: 2742)


Started GET "/..." for ::1 at 2021-08-02 14:25:14 +0200
  
ActionController::RoutingError (No route matches [GET] "/..."):
  
actionpack (6.0.4) lib/action_dispatch/middleware/debug_exceptions.rb:36:in `call'
web-console (4.1.0) lib/web_console/middleware.rb:132:in `call_app'
web-console (4.1.0) lib/web_console/middleware.rb:28:in `block in call'
web-console (4.1.0) lib/web_console/middleware.rb:17:in `catch'
web-console (4.1.0) lib/web_console/middleware.rb:17:in `call'
actionpack (6.0.4) lib/action_dispatch/middleware/show_exceptions.rb:33:in `call'
railties (6.0.4) lib/rails/rack/logger.rb:37:in `call_app'
railties (6.0.4) lib/rails/rack/logger.rb:26:in `block in call'
activesupport (6.0.4) lib/active_support/tagged_logging.rb:80:in `block in tagged'
activesupport (6.0.4) lib/active_support/tagged_logging.rb:28:in `tagged'
activesupport (6.0.4) lib/active_support/tagged_logging.rb:80:in `tagged'
railties (6.0.4) lib/rails/rack/logger.rb:26:in `call'
sprockets-rails (3.2.2) lib/sprockets/rails/quiet_assets.rb:13:in `call'
actionpack (6.0.4) lib/action_dispatch/middleware/remote_ip.rb:81:in `call'
actionpack (6.0.4) lib/action_dispatch/middleware/request_id.rb:27:in `call'
rack (2.2.3) lib/rack/method_override.rb:24:in `call'
rack (2.2.3) lib/rack/runtime.rb:22:in `call'
activesupport (6.0.4) lib/active_support/cache/strategy/local_cache_middleware.rb:29:in `call'
actionpack (6.0.4) lib/action_dispatch/middleware/executor.rb:14:in `call'
actionpack (6.0.4) lib/action_dispatch/middleware/static.rb:126:in `call'
rack (2.2.3) lib/rack/sendfile.rb:110:in `call'
actionpack (6.0.4) lib/action_dispatch/middleware/host_authorization.rb:82:in `call'
webpacker (4.3.0) lib/webpacker/dev_server_proxy.rb:23:in `perform_request'
rack-proxy (0.7.0) lib/rack/proxy.rb:63:in `call'
railties (6.0.4) lib/rails/engine.rb:527:in `call'
puma (4.3.8) lib/puma/configuration.rb:228:in `call'
puma (4.3.8) lib/puma/server.rb:718:in `handle_request'
puma (4.3.8) lib/puma/server.rb:472:in `process_client'
puma (4.3.8) lib/puma/server.rb:328:in `block in run'
puma (4.3.8) lib/puma/thread_pool.rb:134:in `block in spawn_thread'
Started GET "/" for ::1 at 2021-08-02 14:25:53 +0200
Processing by PagesController#boys as HTML
  Rendering pages/boys.html.erb within layouts/application
  Rendered pages/boys.html.erb within layouts/application (Duration: 0.6ms | Allocations: 166)
Completed 200 OK in 12ms (Views: 10.2ms | ActiveRecord: 0.0ms | Allocations: 2732)


Started GET "/" for ::1 at 2021-08-02 14:29:36 +0200
Processing by PagesController#boys as HTML
  Rendering pages/boys.html.erb within layouts/application
  Rendered pages/boys.html.erb within layouts/application (Duration: 1.1ms | Allocations: 217)
Completed 200 OK in 124ms (Views: 122.0ms | ActiveRecord: 0.0ms | Allocations: 12141)


Started GET "/" for ::1 at 2021-08-02 14:30:02 +0200
Processing by PagesController#boys as HTML
  Rendering pages/boys.html.erb within layouts/application
  Rendered pages/boys.html.erb within layouts/application (Duration: 0.9ms | Allocations: 217)
Completed 200 OK in 9ms (Views: 7.8ms | ActiveRecord: 0.0ms | Allocations: 2785)


Started GET "/" for ::1 at 2021-08-02 14:30:28 +0200
Processing by PagesController#boys as HTML
  Rendering pages/boys.html.erb within layouts/application
  Rendered pages/boys.html.erb within layouts/application (Duration: 1.2ms | Allocations: 217)
Completed 200 OK in 16ms (Views: 13.1ms | ActiveRecord: 0.0ms | Allocations: 2777)


Started GET "/" for ::1 at 2021-08-02 14:30:51 +0200
Processing by PagesController#boys as HTML
  Rendering pages/boys.html.erb within layouts/application
  Rendered pages/boys.html.erb within layouts/application (Duration: 0.6ms | Allocations: 138)
Completed 200 OK in 10ms (Views: 8.3ms | ActiveRecord: 0.0ms | Allocations: 2706)


Started GET "/" for ::1 at 2021-08-02 14:31:15 +0200
Processing by PagesController#boys as HTML
  Rendering pages/boys.html.erb within layouts/application
  Rendered pages/boys.html.erb within layouts/application (Duration: 0.6ms | Allocations: 138)
Completed 200 OK in 9ms (Views: 6.6ms | ActiveRecord: 0.0ms | Allocations: 2700)


Started GET "/" for ::1 at 2021-08-02 14:33:05 +0200
Processing by PagesController#boys as HTML
  Rendering pages/boys.html.erb within layouts/application
  Rendered pages/boys.html.erb within layouts/application (Duration: 0.7ms | Allocations: 182)
Completed 200 OK in 12ms (Views: 9.7ms | ActiveRecord: 0.0ms | Allocations: 2744)


Started GET "/" for ::1 at 2021-08-02 14:33:34 +0200
Processing by PagesController#boys as HTML
  Rendering pages/boys.html.erb within layouts/application
  Rendered pages/boys.html.erb within layouts/application (Duration: 0.5ms | Allocations: 179)
Completed 200 OK in 9ms (Views: 8.0ms | ActiveRecord: 0.0ms | Allocations: 2739)


Started GET "/" for ::1 at 2021-08-02 14:34:21 +0200
Processing by PagesController#boys as HTML
  Rendering pages/boys.html.erb within layouts/application
  Rendered pages/boys.html.erb within layouts/application (Duration: 0.7ms | Allocations: 159)
Completed 200 OK in 11ms (Views: 9.5ms | ActiveRecord: 0.0ms | Allocations: 2727)


Started GET "/" for ::1 at 2021-08-02 14:34:38 +0200
Processing by PagesController#boys as HTML
  Rendering pages/boys.html.erb within layouts/application
  Rendered pages/boys.html.erb within layouts/application (Duration: 0.1ms | Allocations: 4)
Completed 200 OK in 8ms (Views: 7.3ms | ActiveRecord: 0.0ms | Allocations: 2455)


Started GET "/" for ::1 at 2021-08-02 14:35:18 +0200
Processing by PagesController#boys as HTML
  Rendering pages/boys.html.erb within layouts/application
  Rendered pages/boys.html.erb within layouts/application (Duration: 0.0ms | Allocations: 4)
Completed 200 OK in 195ms (Views: 194.1ms | ActiveRecord: 0.0ms | Allocations: 13285)


Started GET "/" for ::1 at 2021-08-02 14:35:31 +0200
Processing by PagesController#boys as HTML
  Rendering pages/boys.html.erb within layouts/application
  Rendered pages/boys.html.erb within layouts/application (Duration: 0.2ms | Allocations: 4)
Completed 200 OK in 7ms (Views: 5.9ms | ActiveRecord: 0.0ms | Allocations: 1906)


Started GET "/" for ::1 at 2021-08-02 14:36:02 +0200
Processing by PagesController#boys as HTML
  Rendering pages/boys.html.erb within layouts/application
  Rendered pages/boys.html.erb within layouts/application (Duration: 0.1ms | Allocations: 4)
Completed 200 OK in 63ms (Views: 62.0ms | ActiveRecord: 0.0ms | Allocations: 11198)


Started GET "/" for ::1 at 2021-08-02 14:40:26 +0200
Processing by PagesController#boys as HTML
  Rendering pages/boys.html.erb within layouts/application
  Rendered pages/boys.html.erb within layouts/application (Duration: 6.6ms | Allocations: 85)
Completed 200 OK in 153ms (Views: 139.8ms | ActiveRecord: 0.0ms | Allocations: 11920)


Started GET "/" for ::1 at 2021-08-02 14:42:52 +0200
Processing by PagesController#boys as HTML
  Rendering pages/boys.html.erb within layouts/application
  Rendered pages/boys.html.erb within layouts/application (Duration: 1.6ms | Allocations: 163)
Completed 200 OK in 69ms (Views: 65.4ms | ActiveRecord: 0.0ms | Allocations: 12483)


Started GET "/" for ::1 at 2021-08-02 14:45:18 +0200
Processing by PagesController#boys as HTML
  Rendering pages/boys.html.erb within layouts/application
  Rendered pages/boys.html.erb within layouts/application (Duration: 0.7ms | Allocations: 164)
Completed 200 OK in 11ms (Views: 9.6ms | ActiveRecord: 0.0ms | Allocations: 2744)


Started GET "/" for ::1 at 2021-08-02 14:46:04 +0200
Processing by PagesController#boys as HTML
  Rendering pages/boys.html.erb within layouts/application
  Rendered pages/boys.html.erb within layouts/application (Duration: 0.9ms | Allocations: 164)
Completed 200 OK in 96ms (Views: 93.5ms | ActiveRecord: 0.0ms | Allocations: 12043)


Started GET "/" for ::1 at 2021-08-02 14:46:12 +0200
Processing by PagesController#boys as HTML
  Rendering pages/boys.html.erb within layouts/application
  Rendered pages/boys.html.erb within layouts/application (Duration: 0.1ms | Allocations: 4)
Completed 200 OK in 62ms (Views: 61.0ms | ActiveRecord: 0.0ms | Allocations: 11663)


Started GET "/" for ::1 at 2021-08-02 14:46:20 +0200
Processing by PagesController#boys as HTML
  Rendering pages/boys.html.erb within layouts/application
  Rendered pages/boys.html.erb within layouts/application (Duration: 0.1ms | Allocations: 4)
Completed 200 OK in 52ms (Views: 51.1ms | ActiveRecord: 0.0ms | Allocations: 11186)


Started GET "/" for ::1 at 2021-08-02 14:46:31 +0200
Processing by PagesController#boys as HTML
  Rendering pages/boys.html.erb within layouts/application
  Rendered pages/boys.html.erb within layouts/application (Duration: 0.1ms | Allocations: 4)
Completed 200 OK in 53ms (Views: 51.9ms | ActiveRecord: 0.0ms | Allocations: 12075)


Started GET "/" for ::1 at 2021-08-02 14:46:39 +0200
Processing by PagesController#boys as HTML
  Rendering pages/boys.html.erb within layouts/application
  Rendered pages/boys.html.erb within layouts/application (Duration: 0.1ms | Allocations: 4)
Completed 200 OK in 52ms (Views: 51.0ms | ActiveRecord: 0.0ms | Allocations: 12441)


Started GET "/" for ::1 at 2021-08-02 14:46:56 +0200
Processing by PagesController#boys as HTML
  Rendering pages/boys.html.erb within layouts/application
  Rendered pages/boys.html.erb within layouts/application (Duration: 0.0ms | Allocations: 4)
Completed 200 OK in 92ms (Views: 90.7ms | ActiveRecord: 0.0ms | Allocations: 13297)


Started GET "/" for ::1 at 2021-08-02 14:47:07 +0200
Processing by PagesController#boys as HTML
  Rendering pages/boys.html.erb within layouts/application
  Rendered pages/boys.html.erb within layouts/application (Duration: 0.0ms | Allocations: 4)
Completed 200 OK in 50ms (Views: 49.2ms | ActiveRecord: 0.0ms | Allocations: 11206)


Started GET "/" for ::1 at 2021-08-02 14:47:16 +0200
Processing by PagesController#boys as HTML
  Rendering pages/boys.html.erb within layouts/application
  Rendered pages/boys.html.erb within layouts/application (Duration: 0.0ms | Allocations: 4)
Completed 200 OK in 53ms (Views: 52.4ms | ActiveRecord: 0.0ms | Allocations: 12498)


Started GET "/" for ::1 at 2021-08-02 14:48:21 +0200
Processing by PagesController#boys as HTML
  Rendering pages/boys.html.erb within layouts/application
  Rendered pages/boys.html.erb within layouts/application (Duration: 0.8ms | Allocations: 170)
Completed 200 OK in 119ms (Views: 117.1ms | ActiveRecord: 0.0ms | Allocations: 12407)


Started GET "/" for ::1 at 2021-08-02 14:48:37 +0200
Processing by PagesController#boys as HTML
  Rendering pages/boys.html.erb within layouts/application
  Rendered pages/boys.html.erb within layouts/application (Duration: 0.1ms | Allocations: 4)
Completed 200 OK in 83ms (Views: 82.5ms | ActiveRecord: 0.0ms | Allocations: 13315)


Started GET "/" for ::1 at 2021-08-02 14:48:47 +0200
Processing by PagesController#boys as HTML
  Rendering pages/boys.html.erb within layouts/application
  Rendered pages/boys.html.erb within layouts/application (Duration: 0.1ms | Allocations: 4)
Completed 200 OK in 138ms (Views: 137.4ms | ActiveRecord: 0.0ms | Allocations: 11645)


Started GET "/" for ::1 at 2021-08-02 14:49:12 +0200
Processing by PagesController#boys as HTML
  Rendering pages/boys.html.erb within layouts/application
  Rendered pages/boys.html.erb within layouts/application (Duration: 0.1ms | Allocations: 4)
Completed 200 OK in 100ms (Views: 99.0ms | ActiveRecord: 0.0ms | Allocations: 12001)


Started GET "/" for ::1 at 2021-08-02 14:49:22 +0200
Processing by PagesController#boys as HTML
  Rendering pages/boys.html.erb within layouts/application
  Rendered pages/boys.html.erb within layouts/application (Duration: 0.1ms | Allocations: 4)
Completed 200 OK in 130ms (Views: 129.6ms | ActiveRecord: 0.0ms | Allocations: 12466)


Started GET "/" for ::1 at 2021-08-02 14:49:35 +0200
Processing by PagesController#boys as HTML
  Rendering pages/boys.html.erb within layouts/application
  Rendered pages/boys.html.erb within layouts/application (Duration: 0.1ms | Allocations: 4)
Completed 200 OK in 69ms (Views: 68.3ms | ActiveRecord: 0.0ms | Allocations: 12057)


Started GET "/" for ::1 at 2021-08-02 14:49:54 +0200
Processing by PagesController#boys as HTML
  Rendering pages/boys.html.erb within layouts/application
  Rendered pages/boys.html.erb within layouts/application (Duration: 0.1ms | Allocations: 4)
Completed 200 OK in 102ms (Views: 100.2ms | ActiveRecord: 0.0ms | Allocations: 12904)


Started GET "/" for ::1 at 2021-08-02 14:50:31 +0200
Processing by PagesController#boys as HTML
  Rendering pages/boys.html.erb within layouts/application
  Rendered pages/boys.html.erb within layouts/application (Duration: 0.1ms | Allocations: 4)
Completed 200 OK in 100ms (Views: 98.8ms | ActiveRecord: 0.0ms | Allocations: 12496)


Started GET "/" for ::1 at 2021-08-02 14:50:44 +0200
Processing by PagesController#boys as HTML
  Rendering pages/boys.html.erb within layouts/application
  Rendered pages/boys.html.erb within layouts/application (Duration: 0.1ms | Allocations: 4)
Completed 200 OK in 78ms (Views: 77.2ms | ActiveRecord: 0.0ms | Allocations: 11226)


Started GET "/" for ::1 at 2021-08-02 14:50:57 +0200
Processing by PagesController#boys as HTML
  Rendering pages/boys.html.erb within layouts/application
  Rendered pages/boys.html.erb within layouts/application (Duration: 0.0ms | Allocations: 4)
Completed 200 OK in 58ms (Views: 57.1ms | ActiveRecord: 0.0ms | Allocations: 12433)


Started GET "/" for ::1 at 2021-08-02 14:51:52 +0200
Processing by PagesController#boys as HTML
  Rendering pages/boys.html.erb within layouts/application
  Rendered pages/boys.html.erb within layouts/application (Duration: 0.5ms | Allocations: 170)
Completed 200 OK in 50ms (Views: 48.9ms | ActiveRecord: 0.0ms | Allocations: 12850)


Started GET "/" for ::1 at 2021-08-02 14:52:07 +0200
Processing by PagesController#boys as HTML
  Rendering pages/boys.html.erb within layouts/application
  Rendered pages/boys.html.erb within layouts/application (Duration: 0.0ms | Allocations: 4)
Completed 200 OK in 144ms (Views: 142.5ms | ActiveRecord: 0.0ms | Allocations: 12487)


Started GET "/" for ::1 at 2021-08-02 15:09:21 +0200
  
PG::ConnectionBad (could not connect to server: No such file or directory
	Is the server running locally and accepting
	connections on Unix domain socket "/tmp/.s.PGSQL.5432"?
):
  
pg (1.2.3) lib/pg.rb:58:in `initialize'
pg (1.2.3) lib/pg.rb:58:in `new'
pg (1.2.3) lib/pg.rb:58:in `connect'
activerecord (6.0.4) lib/active_record/connection_adapters/postgresql_adapter.rb:46:in `postgresql_connection'
activerecord (6.0.4) lib/active_record/connection_adapters/abstract/connection_pool.rb:887:in `new_connection'
activerecord (6.0.4) lib/active_record/connection_adapters/abstract/connection_pool.rb:931:in `checkout_new_connection'
activerecord (6.0.4) lib/active_record/connection_adapters/abstract/connection_pool.rb:910:in `try_to_checkout_new_connection'
activerecord (6.0.4) lib/active_record/connection_adapters/abstract/connection_pool.rb:871:in `acquire_connection'
activerecord (6.0.4) lib/active_record/connection_adapters/abstract/connection_pool.rb:593:in `checkout'
activerecord (6.0.4) lib/active_record/connection_adapters/abstract/connection_pool.rb:437:in `connection'
activerecord (6.0.4) lib/active_record/connection_adapters/abstract/connection_pool.rb:1125:in `retrieve_connection'
activerecord (6.0.4) lib/active_record/connection_handling.rb:221:in `retrieve_connection'
activerecord (6.0.4) lib/active_record/connection_handling.rb:189:in `connection'
activerecord (6.0.4) lib/active_record/migration.rb:562:in `call'
actionpack (6.0.4) lib/action_dispatch/middleware/callbacks.rb:27:in `block in call'
activesupport (6.0.4) lib/active_support/callbacks.rb:101:in `run_callbacks'
actionpack (6.0.4) lib/action_dispatch/middleware/callbacks.rb:26:in `call'
actionpack (6.0.4) lib/action_dispatch/middleware/executor.rb:14:in `call'
actionpack (6.0.4) lib/action_dispatch/middleware/actionable_exceptions.rb:18:in `call'
actionpack (6.0.4) lib/action_dispatch/middleware/debug_exceptions.rb:32:in `call'
web-console (4.1.0) lib/web_console/middleware.rb:132:in `call_app'
web-console (4.1.0) lib/web_console/middleware.rb:28:in `block in call'
web-console (4.1.0) lib/web_console/middleware.rb:17:in `catch'
web-console (4.1.0) lib/web_console/middleware.rb:17:in `call'
actionpack (6.0.4) lib/action_dispatch/middleware/show_exceptions.rb:33:in `call'
railties (6.0.4) lib/rails/rack/logger.rb:37:in `call_app'
railties (6.0.4) lib/rails/rack/logger.rb:26:in `block in call'
activesupport (6.0.4) lib/active_support/tagged_logging.rb:80:in `block in tagged'
activesupport (6.0.4) lib/active_support/tagged_logging.rb:28:in `tagged'
activesupport (6.0.4) lib/active_support/tagged_logging.rb:80:in `tagged'
railties (6.0.4) lib/rails/rack/logger.rb:26:in `call'
sprockets-rails (3.2.2) lib/sprockets/rails/quiet_assets.rb:13:in `call'
actionpack (6.0.4) lib/action_dispatch/middleware/remote_ip.rb:81:in `call'
actionpack (6.0.4) lib/action_dispatch/middleware/request_id.rb:27:in `call'
rack (2.2.3) lib/rack/method_override.rb:24:in `call'
rack (2.2.3) lib/rack/runtime.rb:22:in `call'
activesupport (6.0.4) lib/active_support/cache/strategy/local_cache_middleware.rb:29:in `call'
actionpack (6.0.4) lib/action_dispatch/middleware/executor.rb:14:in `call'
actionpack (6.0.4) lib/action_dispatch/middleware/static.rb:126:in `call'
rack (2.2.3) lib/rack/sendfile.rb:110:in `call'
actionpack (6.0.4) lib/action_dispatch/middleware/host_authorization.rb:82:in `call'
webpacker (4.3.0) lib/webpacker/dev_server_proxy.rb:23:in `perform_request'
rack-proxy (0.7.0) lib/rack/proxy.rb:63:in `call'
railties (6.0.4) lib/rails/engine.rb:527:in `call'
puma (4.3.8) lib/puma/configuration.rb:228:in `call'
puma (4.3.8) lib/puma/server.rb:718:in `handle_request'
puma (4.3.8) lib/puma/server.rb:472:in `process_client'
puma (4.3.8) lib/puma/server.rb:328:in `block in run'
puma (4.3.8) lib/puma/thread_pool.rb:134:in `block in spawn_thread'
  [1m[35m (3.3ms)[0m  [1m[35mCREATE DATABASE "greenimpact_development" ENCODING = 'unicode'[0m
  [1m[35m (1.0ms)[0m  [1m[35mCREATE DATABASE "GreenImpact_test" ENCODING = 'unicode'[0m
  [1m[35m (3.6ms)[0m  [1m[34mSELECT "schema_migrations"."version" FROM "schema_migrations" ORDER BY "schema_migrations"."version" ASC[0m
  [1m[35m (4.7ms)[0m  [1m[34mSELECT "ar_internal_metadata"."value" FROM "ar_internal_metadata" WHERE "ar_internal_metadata"."key" = $1[0m  [["key", "environment"]]
  [1m[35m (0.6ms)[0m  [1m[34mSELECT "schema_migrations"."version" FROM "schema_migrations" ORDER BY "schema_migrations"."version" ASC[0m
  [1m[35m (26.8ms)[0m  [1m[34mSELECT "ar_internal_metadata"."value" FROM "ar_internal_metadata" WHERE "ar_internal_metadata"."key" = $1[0m  [["key", "environment"]]
  [1m[35m (0.7ms)[0m  [1m[34mSELECT "schema_migrations"."version" FROM "schema_migrations" ORDER BY "schema_migrations"."version" ASC[0m
  [1m[35m (0.5ms)[0m  [1m[34mSELECT "ar_internal_metadata"."value" FROM "ar_internal_metadata" WHERE "ar_internal_metadata"."key" = $1[0m  [["key", "environment"]]
  [1m[35m (1.2ms)[0m  [1m[34mSELECT pg_try_advisory_lock(7933808090795127135)[0m
  [1m[35m (1.8ms)[0m  [1m[34mSELECT "schema_migrations"."version" FROM "schema_migrations" ORDER BY "schema_migrations"."version" ASC[0m
  [1m[36mActiveRecord::InternalMetadata Load (26.7ms)[0m  [1m[34mSELECT "ar_internal_metadata".* FROM "ar_internal_metadata" WHERE "ar_internal_metadata"."key" = $1 LIMIT $2[0m  [["key", "environment"], ["LIMIT", 1]]
  [1m[35m (25.4ms)[0m  [1m[34mSELECT pg_advisory_unlock(7933808090795127135)[0m
  [1m[35m (1.3ms)[0m  [1m[34mSELECT "schema_migrations"."version" FROM "schema_migrations" ORDER BY "schema_migrations"."version" ASC[0m
Started GET "/" for ::1 at 2021-08-02 15:19:25 +0200
Processing by PagesController#boys as HTML
  Rendering pages/boys.html.erb within layouts/application
  Rendered pages/boys.html.erb within layouts/application (Duration: 2.6ms | Allocations: 283)
Completed 200 OK in 130ms (Views: 120.2ms | ActiveRecord: 0.0ms | Allocations: 10372)


Started GET "/" for ::1 at 2021-09-09 17:31:00 +0200
Processing by PagesController#boys as HTML
  Rendering pages/boys.html.erb within layouts/application
  Rendered pages/boys.html.erb within layouts/application (Duration: 3.6ms | Allocations: 447)
Completed 200 OK in 180ms (Views: 169.3ms | ActiveRecord: 0.0ms | Allocations: 21488)


Started GET "/" for ::1 at 2021-09-09 17:32:24 +0200
Processing by PagesController#boys as HTML
  Rendering pages/boys.html.erb within layouts/application
  Rendered pages/boys.html.erb within layouts/application (Duration: 0.7ms | Allocations: 78)
Completed 200 OK in 17ms (Views: 13.2ms | ActiveRecord: 0.0ms | Allocations: 2692)


Started GET "/" for ::1 at 2021-09-09 17:32:25 +0200
Processing by PagesController#boys as HTML
  Rendering pages/boys.html.erb within layouts/application
  Rendered pages/boys.html.erb within layouts/application (Duration: 0.1ms | Allocations: 5)
Completed 200 OK in 9ms (Views: 7.3ms | ActiveRecord: 0.0ms | Allocations: 1913)


Started GET "/" for ::1 at 2021-09-09 17:34:06 +0200
Processing by PagesController#boys as HTML
  Rendering pages/boys.html.erb within layouts/application
  Rendered pages/boys.html.erb within layouts/application (Duration: 0.6ms | Allocations: 71)
Completed 200 OK in 12ms (Views: 10.1ms | ActiveRecord: 0.0ms | Allocations: 2679)


Started GET "/" for ::1 at 2021-09-09 17:35:34 +0200
Processing by PagesController#boys as HTML
  Rendering pages/boys.html.erb within layouts/application
  Rendered pages/boys.html.erb within layouts/application (Duration: 0.1ms | Allocations: 5)
Completed 200 OK in 50ms (Views: 48.7ms | ActiveRecord: 0.0ms | Allocations: 12461)


Started GET "/" for ::1 at 2021-09-09 18:11:58 +0200
Processing by PagesController#boys as HTML
  Rendering pages/boys.html.erb within layouts/application
  Rendered pages/boys.html.erb within layouts/application (Duration: 13.2ms | Allocations: 94)
Completed 200 OK in 230ms (Views: 210.3ms | ActiveRecord: 0.0ms | Allocations: 14857)


Started GET "/" for ::1 at 2021-09-09 18:13:10 +0200
Processing by PagesController#boys as HTML
  Rendering pages/boys.html.erb within layouts/application
  Rendered pages/boys.html.erb within layouts/application (Duration: 0.2ms | Allocations: 4)
Completed 200 OK in 108ms (Views: 105.4ms | ActiveRecord: 0.0ms | Allocations: 13530)


Started GET "/" for ::1 at 2021-09-09 18:22:22 +0200
Processing by PagesController#boys as HTML
  Rendering pages/boys.html.erb within layouts/application
  Rendered pages/boys.html.erb within layouts/application (Duration: 0.6ms | Allocations: 4)
Completed 200 OK in 61ms (Views: 56.7ms | ActiveRecord: 0.0ms | Allocations: 2360)


Started GET "/packs/js/application-d15a29b3452818c63fa3.js" for ::1 at 2021-09-09 18:22:23 +0200
  
ActionController::RoutingError (No route matches [GET] "/packs/js/application-d15a29b3452818c63fa3.js"):
  
actionpack (6.0.4) lib/action_dispatch/middleware/debug_exceptions.rb:36:in `call'
web-console (4.1.0) lib/web_console/middleware.rb:132:in `call_app'
web-console (4.1.0) lib/web_console/middleware.rb:28:in `block in call'
web-console (4.1.0) lib/web_console/middleware.rb:17:in `catch'
web-console (4.1.0) lib/web_console/middleware.rb:17:in `call'
actionpack (6.0.4) lib/action_dispatch/middleware/show_exceptions.rb:33:in `call'
railties (6.0.4) lib/rails/rack/logger.rb:37:in `call_app'
railties (6.0.4) lib/rails/rack/logger.rb:26:in `block in call'
activesupport (6.0.4) lib/active_support/tagged_logging.rb:80:in `block in tagged'
activesupport (6.0.4) lib/active_support/tagged_logging.rb:28:in `tagged'
activesupport (6.0.4) lib/active_support/tagged_logging.rb:80:in `tagged'
railties (6.0.4) lib/rails/rack/logger.rb:26:in `call'
sprockets-rails (3.2.2) lib/sprockets/rails/quiet_assets.rb:13:in `call'
actionpack (6.0.4) lib/action_dispatch/middleware/remote_ip.rb:81:in `call'
actionpack (6.0.4) lib/action_dispatch/middleware/request_id.rb:27:in `call'
rack (2.2.3) lib/rack/method_override.rb:24:in `call'
rack (2.2.3) lib/rack/runtime.rb:22:in `call'
activesupport (6.0.4) lib/active_support/cache/strategy/local_cache_middleware.rb:29:in `call'
actionpack (6.0.4) lib/action_dispatch/middleware/executor.rb:14:in `call'
actionpack (6.0.4) lib/action_dispatch/middleware/static.rb:126:in `call'
rack (2.2.3) lib/rack/sendfile.rb:110:in `call'
actionpack (6.0.4) lib/action_dispatch/middleware/host_authorization.rb:82:in `call'
webpacker (5.4.0) lib/webpacker/dev_server_proxy.rb:25:in `perform_request'
rack-proxy (0.7.0) lib/rack/proxy.rb:63:in `call'
railties (6.0.4) lib/rails/engine.rb:527:in `call'
puma (4.3.8) lib/puma/configuration.rb:228:in `call'
puma (4.3.8) lib/puma/server.rb:718:in `handle_request'
puma (4.3.8) lib/puma/server.rb:472:in `process_client'
puma (4.3.8) lib/puma/server.rb:328:in `block in run'
puma (4.3.8) lib/puma/thread_pool.rb:134:in `block in spawn_thread'
Started GET "/" for ::1 at 2021-09-09 18:29:15 +0200
Processing by PagesController#boys as HTML
  Rendering pages/boys.html.erb within layouts/application
  Rendered pages/boys.html.erb within layouts/application (Duration: 0.7ms | Allocations: 5)
Completed 200 OK in 187ms (Views: 170.8ms | ActiveRecord: 0.0ms | Allocations: 12223)


Started GET "/" for ::1 at 2021-09-09 18:29:40 +0200
Processing by PagesController#boys as HTML
  Rendering pages/boys.html.erb within layouts/application
  Rendered pages/boys.html.erb within layouts/application (Duration: 0.1ms | Allocations: 4)
Completed 200 OK in 94ms (Views: 92.4ms | ActiveRecord: 0.0ms | Allocations: 12126)


Started GET "/" for ::1 at 2021-09-09 18:29:40 +0200
Processing by PagesController#boys as HTML
  Rendering pages/boys.html.erb within layouts/application
  Rendered pages/boys.html.erb within layouts/application (Duration: 0.1ms | Allocations: 4)
Completed 200 OK in 4ms (Views: 3.3ms | ActiveRecord: 0.0ms | Allocations: 1925)


Started GET "/" for ::1 at 2021-09-09 18:34:38 +0200
Processing by PagesController#boys as HTML
  Rendering pages/boys.html.erb within layouts/application
  Rendered pages/boys.html.erb within layouts/application (Duration: 2.3ms | Allocations: 4)
Completed 200 OK in 172ms (Views: 152.1ms | ActiveRecord: 0.0ms | Allocations: 13816)


Started GET "/" for ::1 at 2021-09-10 00:14:09 +0200
Processing by PagesController#boys as HTML
  Rendering pages/boys.html.erb within layouts/application
  Rendered pages/boys.html.erb within layouts/application (Duration: 0.3ms | Allocations: 4)
Completed 200 OK in 290ms (Views: 274.5ms | ActiveRecord: 0.0ms | Allocations: 12133)


Started GET "/" for ::1 at 2021-09-10 00:14:36 +0200
Processing by PagesController#boys as HTML
  Rendering pages/boys.html.erb within layouts/application
  Rendered pages/boys.html.erb within layouts/application (Duration: 0.1ms | Allocations: 4)
Completed 200 OK in 21ms (Views: 20.1ms | ActiveRecord: 0.0ms | Allocations: 1913)


Started GET "/" for ::1 at 2021-09-10 08:45:21 +0200
Processing by PagesController#boys as HTML
  Rendering pages/boys.html.erb within layouts/application
  Rendered pages/boys.html.erb within layouts/application (Duration: 2.0ms | Allocations: 204)
Completed 200 OK in 193ms (Views: 185.0ms | ActiveRecord: 0.0ms | Allocations: 21308)


Started GET "/" for ::1 at 2021-09-10 08:45:25 +0200
Processing by PagesController#boys as HTML
  Rendering pages/boys.html.erb within layouts/application
  Rendered pages/boys.html.erb within layouts/application (Duration: 0.1ms | Allocations: 5)
Completed 200 OK in 8ms (Views: 6.7ms | ActiveRecord: 0.0ms | Allocations: 1944)


Started GET "/" for ::1 at 2021-09-10 09:07:00 +0200
Processing by PagesController#boys as HTML
  Rendering pages/boys.html.erb within layouts/application
  Rendered pages/boys.html.erb within layouts/application (Duration: 2.3ms | Allocations: 345)
Completed 200 OK in 219ms (Views: 206.0ms | ActiveRecord: 0.0ms | Allocations: 23290)


Started GET "/" for ::1 at 2021-09-10 09:07:39 +0200
Processing by PagesController#boys as HTML
  Rendering pages/boys.html.erb within layouts/application
  Rendered pages/boys.html.erb within layouts/application (Duration: 0.1ms | Allocations: 5)
Completed 200 OK in 9ms (Views: 7.6ms | ActiveRecord: 0.0ms | Allocations: 1976)


Started GET "/" for ::1 at 2021-09-10 09:10:32 +0200
Processing by PagesController#boys as HTML
  Rendering pages/boys.html.erb within layouts/application
  Rendered pages/boys.html.erb within layouts/application (Duration: 6.4ms | Allocations: 236)
Completed 200 OK in 295ms (Views: 279.4ms | ActiveRecord: 0.0ms | Allocations: 14334)


Started GET "/" for ::1 at 2021-09-10 09:10:38 +0200
Processing by PagesController#boys as HTML
  Rendering pages/boys.html.erb within layouts/application
  Rendered pages/boys.html.erb within layouts/application (Duration: 0.0ms | Allocations: 4)
Completed 200 OK in 18ms (Views: 16.6ms | ActiveRecord: 0.0ms | Allocations: 1974)


Started GET "/" for ::1 at 2021-09-10 09:12:04 +0200
Processing by PagesController#boys as HTML
  Rendering pages/boys.html.erb within layouts/application
  Rendered pages/boys.html.erb within layouts/application (Duration: 0.1ms | Allocations: 4)
Completed 200 OK in 19ms (Views: 15.8ms | ActiveRecord: 0.0ms | Allocations: 1979)


Started GET "/" for ::1 at 2021-09-10 09:14:35 +0200
Processing by PagesController#boys as HTML
  Rendering pages/boys.html.erb within layouts/application
  Rendered pages/boys.html.erb within layouts/application (Duration: 0.1ms | Allocations: 4)
Completed 200 OK in 183ms (Views: 174.1ms | ActiveRecord: 0.0ms | Allocations: 13432)


Started GET "/" for ::1 at 2021-09-10 09:18:29 +0200
Processing by PagesController#boys as HTML
  Rendering pages/boys.html.erb within layouts/application
  Rendered pages/boys.html.erb within layouts/application (Duration: 0.2ms | Allocations: 5)
Completed 200 OK in 7ms (Views: 6.1ms | ActiveRecord: 0.0ms | Allocations: 1971)


Started GET "/" for ::1 at 2021-09-10 09:32:55 +0200
Processing by PagesController#boys as HTML
  Rendering pages/boys.html.erb within layouts/application
  Rendered pages/boys.html.erb within layouts/application (Duration: 0.3ms | Allocations: 4)
Completed 200 OK in 80ms (Views: 74.8ms | ActiveRecord: 0.0ms | Allocations: 13904)


Started GET "/" for ::1 at 2021-09-10 09:33:13 +0200
Processing by PagesController#boys as HTML
  Rendering pages/boys.html.erb within layouts/application
  Rendered pages/boys.html.erb within layouts/application (Duration: 0.1ms | Allocations: 4)
Completed 200 OK in 58ms (Views: 56.9ms | ActiveRecord: 0.0ms | Allocations: 14345)


Started GET "/" for ::1 at 2021-09-10 09:33:42 +0200
Processing by PagesController#boys as HTML
  Rendering pages/boys.html.erb within layouts/application
  Rendered pages/boys.html.erb within layouts/application (Duration: 0.1ms | Allocations: 4)
Completed 200 OK in 63ms (Views: 62.0ms | ActiveRecord: 0.0ms | Allocations: 14718)


Started GET "/" for ::1 at 2021-09-10 09:33:58 +0200
Processing by PagesController#boys as HTML
  Rendering pages/boys.html.erb within layouts/application
  Rendered pages/boys.html.erb within layouts/application (Duration: 0.3ms | Allocations: 5)
Completed 200 OK in 92ms (Views: 91.5ms | ActiveRecord: 0.0ms | Allocations: 14756)


Started GET "/" for ::1 at 2021-09-10 09:34:09 +0200
Processing by PagesController#boys as HTML
  Rendering pages/boys.html.erb within layouts/application
  Rendered pages/boys.html.erb within layouts/application (Duration: 0.1ms | Allocations: 5)
Completed 200 OK in 87ms (Views: 85.7ms | ActiveRecord: 0.0ms | Allocations: 13929)


Started GET "/" for ::1 at 2021-09-10 09:34:36 +0200
Processing by PagesController#boys as HTML
  Rendering pages/boys.html.erb within layouts/application
  Rendered pages/boys.html.erb within layouts/application (Duration: 0.2ms | Allocations: 4)
Completed 200 OK in 150ms (Views: 149.0ms | ActiveRecord: 0.0ms | Allocations: 14342)


Started GET "/" for ::1 at 2021-09-10 09:34:49 +0200
Processing by PagesController#boys as HTML
  Rendering pages/boys.html.erb within layouts/application
  Rendered pages/boys.html.erb within layouts/application (Duration: 0.1ms | Allocations: 4)
Completed 200 OK in 84ms (Views: 82.8ms | ActiveRecord: 0.0ms | Allocations: 13477)


Started GET "/" for ::1 at 2021-09-10 09:35:01 +0200
Processing by PagesController#boys as HTML
  Rendering pages/boys.html.erb within layouts/application
  Rendered pages/boys.html.erb within layouts/application (Duration: 0.1ms | Allocations: 4)
Completed 200 OK in 95ms (Views: 93.4ms | ActiveRecord: 0.0ms | Allocations: 13486)


Started GET "/" for ::1 at 2021-09-10 09:35:11 +0200
Processing by PagesController#boys as HTML
  Rendering pages/boys.html.erb within layouts/application
  Rendered pages/boys.html.erb within layouts/application (Duration: 0.2ms | Allocations: 4)
Completed 200 OK in 76ms (Views: 74.8ms | ActiveRecord: 0.0ms | Allocations: 15204)


Started GET "/" for ::1 at 2021-09-10 09:35:21 +0200
Processing by PagesController#boys as HTML
  Rendering pages/boys.html.erb within layouts/application
  Rendered pages/boys.html.erb within layouts/application (Duration: 0.1ms | Allocations: 4)
Completed 200 OK in 92ms (Views: 90.2ms | ActiveRecord: 0.0ms | Allocations: 14342)


Started GET "/" for ::1 at 2021-09-10 09:35:50 +0200
Processing by PagesController#boys as HTML
  Rendering pages/boys.html.erb within layouts/application
  Rendered pages/boys.html.erb within layouts/application (Duration: 0.1ms | Allocations: 4)
Completed 200 OK in 96ms (Views: 94.3ms | ActiveRecord: 0.0ms | Allocations: 14785)


Started GET "/" for ::1 at 2021-09-10 09:36:01 +0200
Processing by PagesController#boys as HTML
  Rendering pages/boys.html.erb within layouts/application
  Rendered pages/boys.html.erb within layouts/application (Duration: 0.1ms | Allocations: 4)
Completed 200 OK in 76ms (Views: 74.2ms | ActiveRecord: 0.0ms | Allocations: 13919)


Started GET "/" for ::1 at 2021-09-10 09:36:12 +0200
Processing by PagesController#boys as HTML
  Rendering pages/boys.html.erb within layouts/application
  Rendered pages/boys.html.erb within layouts/application (Duration: 0.1ms | Allocations: 4)
Completed 200 OK in 78ms (Views: 77.2ms | ActiveRecord: 0.0ms | Allocations: 15511)


Started GET "/" for ::1 at 2021-09-10 09:37:49 +0200
Processing by PagesController#boys as HTML
  Rendering pages/boys.html.erb within layouts/application
  Rendered pages/boys.html.erb within layouts/application (Duration: 0.1ms | Allocations: 4)
Completed 200 OK in 42ms (Views: 40.6ms | ActiveRecord: 0.0ms | Allocations: 13859)


Started GET "/" for ::1 at 2021-09-10 09:38:13 +0200
Processing by PagesController#boys as HTML
  Rendering pages/boys.html.erb within layouts/application
  Rendered pages/boys.html.erb within layouts/application (Duration: 0.1ms | Allocations: 4)
Completed 200 OK in 67ms (Views: 65.9ms | ActiveRecord: 0.0ms | Allocations: 13874)


Started GET "/" for ::1 at 2021-09-10 09:38:25 +0200
Processing by PagesController#boys as HTML
  Rendering pages/boys.html.erb within layouts/application
  Rendered pages/boys.html.erb within layouts/application (Duration: 0.2ms | Allocations: 4)
Completed 200 OK in 65ms (Views: 63.9ms | ActiveRecord: 0.0ms | Allocations: 13542)


Started GET "/" for ::1 at 2021-09-10 09:38:39 +0200
Processing by PagesController#boys as HTML
  Rendering pages/boys.html.erb within layouts/application
  Rendered pages/boys.html.erb within layouts/application (Duration: 0.1ms | Allocations: 4)
Completed 200 OK in 74ms (Views: 71.8ms | ActiveRecord: 0.0ms | Allocations: 13460)


Started GET "/" for ::1 at 2021-09-10 09:38:51 +0200
Processing by PagesController#boys as HTML
  Rendering pages/boys.html.erb within layouts/application
  Rendered pages/boys.html.erb within layouts/application (Duration: 0.1ms | Allocations: 4)
Completed 200 OK in 12ms (Views: 10.5ms | ActiveRecord: 0.0ms | Allocations: 2555)


Started GET "/" for ::1 at 2021-09-10 09:39:14 +0200
Processing by PagesController#boys as HTML
  Rendering pages/boys.html.erb within layouts/application
  Rendered pages/boys.html.erb within layouts/application (Duration: 0.1ms | Allocations: 4)
Completed 200 OK in 79ms (Views: 78.0ms | ActiveRecord: 0.0ms | Allocations: 14270)


Started GET "/" for ::1 at 2021-09-10 09:39:30 +0200
Processing by PagesController#boys as HTML
  Rendering pages/boys.html.erb within layouts/application
  Rendered pages/boys.html.erb within layouts/application (Duration: 0.1ms | Allocations: 4)
Completed 200 OK in 131ms (Views: 130.3ms | ActiveRecord: 0.0ms | Allocations: 14707)


Started GET "/" for ::1 at 2021-09-10 09:39:42 +0200
Processing by PagesController#boys as HTML
  Rendering pages/boys.html.erb within layouts/application
  Rendered pages/boys.html.erb within layouts/application (Duration: 0.1ms | Allocations: 4)
Completed 200 OK in 72ms (Views: 71.2ms | ActiveRecord: 0.0ms | Allocations: 13894)


Started GET "/" for ::1 at 2021-09-10 09:39:56 +0200
Processing by PagesController#boys as HTML
  Rendering pages/boys.html.erb within layouts/application
  Rendered pages/boys.html.erb within layouts/application (Duration: 0.6ms | Allocations: 4)
Completed 200 OK in 83ms (Views: 82.4ms | ActiveRecord: 0.0ms | Allocations: 15645)


Started GET "/" for ::1 at 2021-09-10 09:40:07 +0200
Processing by PagesController#boys as HTML
  Rendering pages/boys.html.erb within layouts/application
  Rendered pages/boys.html.erb within layouts/application (Duration: 0.1ms | Allocations: 4)
Completed 200 OK in 66ms (Views: 64.1ms | ActiveRecord: 0.0ms | Allocations: 13867)


Started GET "/" for ::1 at 2021-09-10 09:40:26 +0200
Processing by PagesController#boys as HTML
  Rendering pages/boys.html.erb within layouts/application
  Rendered pages/boys.html.erb within layouts/application (Duration: 0.1ms | Allocations: 4)
Completed 200 OK in 69ms (Views: 67.6ms | ActiveRecord: 0.0ms | Allocations: 13954)


Started GET "/" for ::1 at 2021-09-10 09:41:03 +0200
Processing by PagesController#boys as HTML
  Rendering pages/boys.html.erb within layouts/application
  Rendered pages/boys.html.erb within layouts/application (Duration: 0.3ms | Allocations: 4)
Completed 200 OK in 50ms (Views: 48.9ms | ActiveRecord: 0.0ms | Allocations: 14310)


Started GET "/" for ::1 at 2021-09-10 09:41:16 +0200
Processing by PagesController#boys as HTML
  Rendering pages/boys.html.erb within layouts/application
  Rendered pages/boys.html.erb within layouts/application (Duration: 0.1ms | Allocations: 4)
Completed 200 OK in 16ms (Views: 14.8ms | ActiveRecord: 0.0ms | Allocations: 2547)


Started GET "/" for ::1 at 2021-09-10 09:41:49 +0200
Processing by PagesController#boys as HTML
  Rendering pages/boys.html.erb within layouts/application
  Rendered pages/boys.html.erb within layouts/application (Duration: 0.1ms | Allocations: 4)
Completed 200 OK in 93ms (Views: 92.3ms | ActiveRecord: 0.0ms | Allocations: 14759)


Started GET "/" for ::1 at 2021-09-10 09:42:39 +0200
Processing by PagesController#boys as HTML
  Rendering pages/boys.html.erb within layouts/application
  Rendered pages/boys.html.erb within layouts/application (Duration: 0.1ms | Allocations: 4)
Completed 200 OK in 57ms (Views: 55.9ms | ActiveRecord: 0.0ms | Allocations: 13878)


Started GET "/" for ::1 at 2021-09-10 09:42:55 +0200
Processing by PagesController#boys as HTML
  Rendering pages/boys.html.erb within layouts/application
  Rendered pages/boys.html.erb within layouts/application (Duration: 0.0ms | Allocations: 4)
Completed 200 OK in 53ms (Views: 51.7ms | ActiveRecord: 0.0ms | Allocations: 14360)


Started GET "/" for ::1 at 2021-09-10 09:43:09 +0200
Processing by PagesController#boys as HTML
  Rendering pages/boys.html.erb within layouts/application
  Rendered pages/boys.html.erb within layouts/application (Duration: 0.1ms | Allocations: 4)
Completed 200 OK in 84ms (Views: 82.8ms | ActiveRecord: 0.0ms | Allocations: 14372)


Started GET "/" for ::1 at 2021-09-10 09:43:31 +0200
Processing by PagesController#boys as HTML
  Rendering pages/boys.html.erb within layouts/application
  Rendered pages/boys.html.erb within layouts/application (Duration: 0.2ms | Allocations: 4)
Completed 200 OK in 76ms (Views: 75.0ms | ActiveRecord: 0.0ms | Allocations: 13503)


Started GET "/" for ::1 at 2021-09-10 09:43:45 +0200
Processing by PagesController#boys as HTML
  Rendering pages/boys.html.erb within layouts/application
  Rendered pages/boys.html.erb within layouts/application (Duration: 0.1ms | Allocations: 4)
Completed 200 OK in 100ms (Views: 96.5ms | ActiveRecord: 0.0ms | Allocations: 14316)


Started GET "/" for ::1 at 2021-09-10 09:44:15 +0200
Processing by PagesController#boys as HTML
  Rendering pages/boys.html.erb within layouts/application
  Rendered pages/boys.html.erb within layouts/application (Duration: 0.1ms | Allocations: 4)
Completed 200 OK in 161ms (Views: 159.3ms | ActiveRecord: 0.0ms | Allocations: 14333)


Started GET "/" for ::1 at 2021-09-10 09:44:25 +0200
Processing by PagesController#boys as HTML
  Rendering pages/boys.html.erb within layouts/application
  Rendered pages/boys.html.erb within layouts/application (Duration: 0.1ms | Allocations: 4)
Completed 200 OK in 69ms (Views: 67.8ms | ActiveRecord: 0.0ms | Allocations: 14362)


Started GET "/" for ::1 at 2021-09-10 10:01:23 +0200
Processing by PagesController#boys as HTML
  Rendering pages/boys.html.erb within layouts/application
  Rendered pages/boys.html.erb within layouts/application (Duration: 0.7ms | Allocations: 4)
Completed 200 OK in 183ms (Views: 178.2ms | ActiveRecord: 0.0ms | Allocations: 15034)


Started GET "/" for ::1 at 2021-09-10 10:02:14 +0200
Processing by PagesController#boys as HTML
  Rendering pages/boys.html.erb within layouts/application
  Rendered pages/boys.html.erb within layouts/application (Duration: 0.2ms | Allocations: 4)
Completed 200 OK in 102ms (Views: 96.9ms | ActiveRecord: 0.0ms | Allocations: 14668)


Started GET "/" for ::1 at 2021-09-10 10:02:41 +0200
Processing by PagesController#boys as HTML
  Rendering pages/boys.html.erb within layouts/application
  Rendered pages/boys.html.erb within layouts/application (Duration: 1.7ms | Allocations: 4)
Completed 200 OK in 173ms (Views: 172.3ms | ActiveRecord: 0.0ms | Allocations: 14284)


Started GET "/" for ::1 at 2021-09-10 10:02:56 +0200
Processing by PagesController#boys as HTML
  Rendering pages/boys.html.erb within layouts/application
  Rendered pages/boys.html.erb within layouts/application (Duration: 0.1ms | Allocations: 4)
Completed 200 OK in 93ms (Views: 92.0ms | ActiveRecord: 0.0ms | Allocations: 14291)


Started GET "/" for ::1 at 2021-09-10 10:03:06 +0200
Processing by PagesController#boys as HTML
  Rendering pages/boys.html.erb within layouts/application
  Rendered pages/boys.html.erb within layouts/application (Duration: 0.1ms | Allocations: 4)
Completed 200 OK in 229ms (Views: 227.4ms | ActiveRecord: 0.0ms | Allocations: 15581)


Started GET "/" for ::1 at 2021-09-10 10:03:16 +0200
Processing by PagesController#boys as HTML
  Rendering pages/boys.html.erb within layouts/application
  Rendered pages/boys.html.erb within layouts/application (Duration: 0.1ms | Allocations: 4)
Completed 200 OK in 94ms (Views: 93.0ms | ActiveRecord: 0.0ms | Allocations: 15611)


Started GET "/" for ::1 at 2021-09-10 10:03:26 +0200
Processing by PagesController#boys as HTML
  Rendering pages/boys.html.erb within layouts/application
  Rendered pages/boys.html.erb within layouts/application (Duration: 0.1ms | Allocations: 4)
Completed 200 OK in 120ms (Views: 119.1ms | ActiveRecord: 0.0ms | Allocations: 14318)


Started GET "/" for ::1 at 2021-09-10 10:03:36 +0200
Processing by PagesController#boys as HTML
  Rendering pages/boys.html.erb within layouts/application
  Rendered pages/boys.html.erb within layouts/application (Duration: 0.1ms | Allocations: 4)
Completed 200 OK in 119ms (Views: 116.5ms | ActiveRecord: 0.0ms | Allocations: 14717)


Started GET "/" for ::1 at 2021-09-10 10:04:06 +0200
Processing by PagesController#boys as HTML
  Rendering pages/boys.html.erb within layouts/application
  Rendered pages/boys.html.erb within layouts/application (Duration: 0.1ms | Allocations: 4)
Completed 200 OK in 78ms (Views: 77.1ms | ActiveRecord: 0.0ms | Allocations: 15551)


Started GET "/" for ::1 at 2021-09-10 10:04:19 +0200
Processing by PagesController#boys as HTML
  Rendering pages/boys.html.erb within layouts/application
  Rendered pages/boys.html.erb within layouts/application (Duration: 0.1ms | Allocations: 4)
Completed 200 OK in 84ms (Views: 81.7ms | ActiveRecord: 0.0ms | Allocations: 14693)


Started GET "/" for ::1 at 2021-09-10 10:04:31 +0200
Processing by PagesController#boys as HTML
  Rendering pages/boys.html.erb within layouts/application
  Rendered pages/boys.html.erb within layouts/application (Duration: 0.1ms | Allocations: 4)
Completed 200 OK in 161ms (Views: 159.7ms | ActiveRecord: 0.0ms | Allocations: 14674)


Started GET "/" for ::1 at 2021-09-10 10:04:42 +0200
Processing by PagesController#boys as HTML
  Rendering pages/boys.html.erb within layouts/application
  Rendered pages/boys.html.erb within layouts/application (Duration: 0.1ms | Allocations: 4)
Completed 200 OK in 76ms (Views: 74.8ms | ActiveRecord: 0.0ms | Allocations: 13924)


Started GET "/" for ::1 at 2021-09-10 10:04:52 +0200
Processing by PagesController#boys as HTML
  Rendering pages/boys.html.erb within layouts/application
  Rendered pages/boys.html.erb within layouts/application (Duration: 0.1ms | Allocations: 4)
Completed 200 OK in 105ms (Views: 103.4ms | ActiveRecord: 0.0ms | Allocations: 14722)


Started GET "/" for ::1 at 2021-09-10 10:05:04 +0200
Processing by PagesController#boys as HTML
  Rendering pages/boys.html.erb within layouts/application
  Rendered pages/boys.html.erb within layouts/application (Duration: 0.1ms | Allocations: 4)
Completed 200 OK in 85ms (Views: 83.5ms | ActiveRecord: 0.0ms | Allocations: 14653)


Started GET "/" for ::1 at 2021-09-10 10:05:14 +0200
Processing by PagesController#boys as HTML
  Rendering pages/boys.html.erb within layouts/application
  Rendered pages/boys.html.erb within layouts/application (Duration: 0.1ms | Allocations: 4)
Completed 200 OK in 74ms (Views: 72.8ms | ActiveRecord: 0.0ms | Allocations: 14783)


Started GET "/" for ::1 at 2021-09-10 10:05:24 +0200
Processing by PagesController#boys as HTML
  Rendering pages/boys.html.erb within layouts/application
  Rendered pages/boys.html.erb within layouts/application (Duration: 0.1ms | Allocations: 4)
Completed 200 OK in 88ms (Views: 87.0ms | ActiveRecord: 0.0ms | Allocations: 16033)


Started GET "/" for ::1 at 2021-09-10 10:06:17 +0200
Processing by PagesController#boys as HTML
  Rendering pages/boys.html.erb within layouts/application
  Rendered pages/boys.html.erb within layouts/application (Duration: 0.1ms | Allocations: 4)
Completed 200 OK in 71ms (Views: 69.4ms | ActiveRecord: 0.0ms | Allocations: 16000)


Started GET "/" for ::1 at 2021-09-10 10:06:43 +0200
Processing by PagesController#boys as HTML
  Rendering pages/boys.html.erb within layouts/application
  Rendered pages/boys.html.erb within layouts/application (Duration: 0.5ms | Allocations: 4)
Completed 200 OK in 59ms (Views: 57.4ms | ActiveRecord: 0.0ms | Allocations: 13967)


Started GET "/" for ::1 at 2021-09-10 10:07:23 +0200
Processing by PagesController#boys as HTML
  Rendering pages/boys.html.erb within layouts/application
  Rendered pages/boys.html.erb within layouts/application (Duration: 0.1ms | Allocations: 4)
Completed 200 OK in 62ms (Views: 61.1ms | ActiveRecord: 0.0ms | Allocations: 16448)


Started GET "/" for ::1 at 2021-09-10 10:07:35 +0200
Processing by PagesController#boys as HTML
  Rendering pages/boys.html.erb within layouts/application
  Rendered pages/boys.html.erb within layouts/application (Duration: 0.1ms | Allocations: 4)
Completed 200 OK in 64ms (Views: 62.6ms | ActiveRecord: 0.0ms | Allocations: 14650)


Started GET "/" for ::1 at 2021-09-10 10:23:42 +0200
Processing by PagesController#boys as HTML
  Rendering pages/boys.html.erb within layouts/application
  Rendered pages/boys.html.erb within layouts/application (Duration: 17.5ms | Allocations: 243)
Completed 200 OK in 73ms (Views: 55.6ms | ActiveRecord: 0.0ms | Allocations: 2905)


Started GET "/" for ::1 at 2021-09-10 10:24:47 +0200
Processing by PagesController#boys as HTML
  Rendering pages/boys.html.erb within layouts/application
  Rendered pages/boys.html.erb within layouts/application (Duration: 1.0ms | Allocations: 258)
Completed 200 OK in 11ms (Views: 9.1ms | ActiveRecord: 0.0ms | Allocations: 2927)


Started GET "/" for ::1 at 2021-09-10 14:48:04 +0200
Processing by PagesController#boys as HTML
  Rendering pages/boys.html.erb within layouts/application
  Rendered pages/boys.html.erb within layouts/application (Duration: 2.0ms | Allocations: 373)
Completed 200 OK in 381ms (Views: 373.1ms | ActiveRecord: 0.0ms | Allocations: 14837)


Started GET "/" for ::1 at 2021-09-10 14:48:59 +0200
Processing by PagesController#boys as HTML
  Rendering pages/boys.html.erb within layouts/application
  Rendered pages/boys.html.erb within layouts/application (Duration: 1.4ms | Allocations: 227)
Completed 200 OK in 17ms (Views: 14.4ms | ActiveRecord: 0.0ms | Allocations: 2897)


Started GET "/" for ::1 at 2021-09-10 14:49:58 +0200
Processing by PagesController#boys as HTML
  Rendering pages/boys.html.erb within layouts/application
  Rendered pages/boys.html.erb within layouts/application (Duration: 1.0ms | Allocations: 226)
Completed 200 OK in 146ms (Views: 142.3ms | ActiveRecord: 0.0ms | Allocations: 17799)


Started GET "/" for ::1 at 2021-09-10 14:50:41 +0200
Processing by PagesController#boys as HTML
  Rendering pages/boys.html.erb within layouts/application
  Rendered pages/boys.html.erb within layouts/application (Duration: 1.1ms | Allocations: 212)
Completed 200 OK in 137ms (Views: 134.7ms | ActiveRecord: 0.0ms | Allocations: 15465)


Started GET "/" for ::1 at 2021-09-10 14:51:51 +0200
Processing by PagesController#boys as HTML
  Rendering pages/boys.html.erb within layouts/application
  Rendered pages/boys.html.erb within layouts/application (Duration: 0.1ms | Allocations: 4)
Completed 200 OK in 65ms (Views: 59.6ms | ActiveRecord: 0.0ms | Allocations: 1988)


Started GET "/" for ::1 at 2021-09-10 14:53:39 +0200
Processing by PagesController#boys as HTML
  Rendering pages/boys.html.erb within layouts/application
  Rendered pages/boys.html.erb within layouts/application (Duration: 0.4ms | Allocations: 4)
Completed 200 OK in 83ms (Views: 77.9ms | ActiveRecord: 0.0ms | Allocations: 16242)


Started GET "/" for ::1 at 2021-09-10 14:54:12 +0200
Processing by PagesController#boys as HTML
  Rendering pages/boys.html.erb within layouts/application
  Rendered pages/boys.html.erb within layouts/application (Duration: 0.1ms | Allocations: 4)
Completed 200 OK in 86ms (Views: 85.3ms | ActiveRecord: 0.0ms | Allocations: 16187)


Started GET "/" for ::1 at 2021-09-10 14:55:11 +0200
Processing by PagesController#boys as HTML
  Rendering pages/boys.html.erb within layouts/application
  Rendered pages/boys.html.erb within layouts/application (Duration: 0.1ms | Allocations: 4)
Completed 200 OK in 75ms (Views: 73.7ms | ActiveRecord: 0.0ms | Allocations: 15404)


Started GET "/" for ::1 at 2021-09-10 14:55:51 +0200
Processing by PagesController#boys as HTML
  Rendering pages/boys.html.erb within layouts/application
  Rendered pages/boys.html.erb within layouts/application (Duration: 0.1ms | Allocations: 5)
Completed 200 OK in 77ms (Views: 76.0ms | ActiveRecord: 0.0ms | Allocations: 16304)


Started GET "/" for ::1 at 2021-09-10 14:56:15 +0200
Processing by PagesController#boys as HTML
  Rendering pages/boys.html.erb within layouts/application
  Rendered pages/boys.html.erb within layouts/application (Duration: 0.1ms | Allocations: 4)
Completed 200 OK in 74ms (Views: 72.7ms | ActiveRecord: 0.0ms | Allocations: 15406)


Started GET "/" for ::1 at 2021-09-10 14:56:31 +0200
Processing by PagesController#boys as HTML
  Rendering pages/boys.html.erb within layouts/application
  Rendered pages/boys.html.erb within layouts/application (Duration: 0.1ms | Allocations: 4)
Completed 200 OK in 141ms (Views: 139.5ms | ActiveRecord: 0.0ms | Allocations: 17523)


Started GET "/" for ::1 at 2021-09-10 14:57:03 +0200
Processing by PagesController#boys as HTML
  Rendering pages/boys.html.erb within layouts/application
  Rendered pages/boys.html.erb within layouts/application (Duration: 0.1ms | Allocations: 4)
Completed 200 OK in 67ms (Views: 66.1ms | ActiveRecord: 0.0ms | Allocations: 14503)


Started GET "/" for ::1 at 2021-09-10 14:57:34 +0200
Processing by PagesController#boys as HTML
  Rendering pages/boys.html.erb within layouts/application
  Rendered pages/boys.html.erb within layouts/application (Duration: 0.0ms | Allocations: 4)
Completed 200 OK in 53ms (Views: 52.4ms | ActiveRecord: 0.0ms | Allocations: 16724)


Started GET "/" for ::1 at 2021-09-10 14:57:54 +0200
Processing by PagesController#boys as HTML
  Rendering pages/boys.html.erb within layouts/application
  Rendered pages/boys.html.erb within layouts/application (Duration: 0.1ms | Allocations: 4)
Completed 200 OK in 73ms (Views: 72.9ms | ActiveRecord: 0.0ms | Allocations: 16681)


Started GET "/" for ::1 at 2021-09-10 14:59:13 +0200
Processing by PagesController#boys as HTML
  Rendering pages/boys.html.erb within layouts/application
  Rendered pages/boys.html.erb within layouts/application (Duration: 0.1ms | Allocations: 4)
Completed 200 OK in 68ms (Views: 67.2ms | ActiveRecord: 0.0ms | Allocations: 16221)


Started GET "/" for ::1 at 2021-09-10 14:59:28 +0200
Processing by PagesController#boys as HTML
  Rendering pages/boys.html.erb within layouts/application
  Rendered pages/boys.html.erb within layouts/application (Duration: 0.1ms | Allocations: 4)
Completed 200 OK in 48ms (Views: 47.3ms | ActiveRecord: 0.0ms | Allocations: 16769)


Started GET "/" for ::1 at 2021-09-10 15:07:34 +0200
Processing by PagesController#boys as HTML
  Rendering pages/boys.html.erb within layouts/application
  Rendered pages/boys.html.erb within layouts/application (Duration: 2.0ms | Allocations: 208)
Completed 200 OK in 266ms (Views: 258.2ms | ActiveRecord: 0.0ms | Allocations: 17034)


Started GET "/" for ::1 at 2021-09-10 15:08:37 +0200
Processing by PagesController#boys as HTML
  Rendering pages/boys.html.erb within layouts/application
  Rendered pages/boys.html.erb within layouts/application (Duration: 0.1ms | Allocations: 4)
Completed 200 OK in 10ms (Views: 8.3ms | ActiveRecord: 0.0ms | Allocations: 2038)


Started GET "/" for ::1 at 2021-09-10 15:12:53 +0200
Processing by PagesController#boys as HTML
  Rendering pages/boys.html.erb within layouts/application
  Rendered pages/boys.html.erb within layouts/application (Duration: 1.3ms | Allocations: 207)
Completed 200 OK in 14ms (Views: 10.2ms | ActiveRecord: 0.0ms | Allocations: 2941)


Started GET "/" for ::1 at 2021-09-10 15:13:27 +0200
Processing by PagesController#boys as HTML
  Rendering pages/boys.html.erb within layouts/application
  Rendered pages/boys.html.erb within layouts/application (Duration: 0.1ms | Allocations: 4)
Completed 200 OK in 52ms (Views: 50.7ms | ActiveRecord: 0.0ms | Allocations: 15492)


Started GET "/" for ::1 at 2021-09-10 15:13:35 +0200
Processing by PagesController#boys as HTML
  Rendering pages/boys.html.erb within layouts/application
  Rendered pages/boys.html.erb within layouts/application (Duration: 0.0ms | Allocations: 4)
Completed 200 OK in 41ms (Views: 40.4ms | ActiveRecord: 0.0ms | Allocations: 16325)


Started GET "/" for ::1 at 2021-09-10 15:13:46 +0200
Processing by PagesController#boys as HTML
  Rendering pages/boys.html.erb within layouts/application
  Rendered pages/boys.html.erb within layouts/application (Duration: 0.1ms | Allocations: 4)
Completed 200 OK in 77ms (Views: 75.3ms | ActiveRecord: 0.0ms | Allocations: 17207)


Started GET "/" for ::1 at 2021-09-10 15:18:21 +0200
Processing by PagesController#boys as HTML
  Rendering pages/boys.html.erb within layouts/application
  Rendered pages/boys.html.erb within layouts/application (Duration: 0.2ms | Allocations: 4)
Completed 200 OK in 72ms (Views: 68.2ms | ActiveRecord: 0.0ms | Allocations: 15858)


Started GET "/" for ::1 at 2021-09-10 15:18:28 +0200
Processing by PagesController#boys as HTML
  Rendering pages/boys.html.erb within layouts/application
  Rendered pages/boys.html.erb within layouts/application (Duration: 0.1ms | Allocations: 4)
Completed 200 OK in 5ms (Views: 4.3ms | ActiveRecord: 0.0ms | Allocations: 2033)


Started GET "/" for ::1 at 2021-09-10 15:18:47 +0200
Processing by PagesController#boys as HTML
  Rendering pages/boys.html.erb within layouts/application
  Rendered pages/boys.html.erb within layouts/application (Duration: 0.1ms | Allocations: 4)
Completed 200 OK in 134ms (Views: 133.1ms | ActiveRecord: 0.0ms | Allocations: 15979)


Started GET "/" for ::1 at 2021-09-10 15:19:01 +0200
Processing by PagesController#boys as HTML
  Rendering pages/boys.html.erb within layouts/application
  Rendered pages/boys.html.erb within layouts/application (Duration: 0.1ms | Allocations: 4)
Completed 200 OK in 68ms (Views: 66.2ms | ActiveRecord: 0.0ms | Allocations: 16754)


Started GET "/" for ::1 at 2021-09-10 15:19:06 +0200
Processing by PagesController#boys as HTML
  Rendering pages/boys.html.erb within layouts/application
  Rendered pages/boys.html.erb within layouts/application (Duration: 0.1ms | Allocations: 4)
Completed 200 OK in 4ms (Views: 3.4ms | ActiveRecord: 0.0ms | Allocations: 2029)


Started GET "/" for ::1 at 2021-09-10 15:19:19 +0200
Processing by PagesController#boys as HTML
  Rendering pages/boys.html.erb within layouts/application
  Rendered pages/boys.html.erb within layouts/application (Duration: 0.0ms | Allocations: 4)
Completed 200 OK in 50ms (Views: 49.9ms | ActiveRecord: 0.0ms | Allocations: 15915)


Started GET "/" for ::1 at 2021-09-10 15:19:33 +0200
Processing by PagesController#boys as HTML
  Rendering pages/boys.html.erb within layouts/application
  Rendered pages/boys.html.erb within layouts/application (Duration: 0.1ms | Allocations: 4)
Completed 200 OK in 71ms (Views: 69.8ms | ActiveRecord: 0.0ms | Allocations: 16292)


Started GET "/" for ::1 at 2021-09-10 15:19:46 +0200
Processing by PagesController#boys as HTML
  Rendering pages/boys.html.erb within layouts/application
  Rendered pages/boys.html.erb within layouts/application (Duration: 0.0ms | Allocations: 4)
Completed 200 OK in 53ms (Views: 52.5ms | ActiveRecord: 0.0ms | Allocations: 15898)


Started GET "/" for ::1 at 2021-09-10 15:20:05 +0200
Processing by PagesController#boys as HTML
  Rendering pages/boys.html.erb within layouts/application
  Rendered pages/boys.html.erb within layouts/application (Duration: 0.1ms | Allocations: 4)
Completed 200 OK in 77ms (Views: 76.4ms | ActiveRecord: 0.0ms | Allocations: 17196)


Started GET "/" for ::1 at 2021-09-10 15:20:16 +0200
Processing by PagesController#boys as HTML
  Rendering pages/boys.html.erb within layouts/application
  Rendered pages/boys.html.erb within layouts/application (Duration: 0.1ms | Allocations: 4)
Completed 200 OK in 59ms (Views: 58.3ms | ActiveRecord: 0.0ms | Allocations: 17179)


Started GET "/" for ::1 at 2021-09-10 15:20:29 +0200
Processing by PagesController#boys as HTML
  Rendering pages/boys.html.erb within layouts/application
  Rendered pages/boys.html.erb within layouts/application (Duration: 0.1ms | Allocations: 4)
Completed 200 OK in 69ms (Views: 67.7ms | ActiveRecord: 0.0ms | Allocations: 16827)


Started GET "/" for ::1 at 2021-09-10 15:20:51 +0200
Processing by PagesController#boys as HTML
  Rendering pages/boys.html.erb within layouts/application
  Rendered pages/boys.html.erb within layouts/application (Duration: 0.1ms | Allocations: 4)
Completed 200 OK in 5ms (Views: 4.4ms | ActiveRecord: 0.0ms | Allocations: 2031)


Started GET "/" for ::1 at 2021-09-10 15:21:10 +0200
Processing by PagesController#boys as HTML
  Rendering pages/boys.html.erb within layouts/application
  Rendered pages/boys.html.erb within layouts/application (Duration: 0.1ms | Allocations: 4)
Completed 200 OK in 75ms (Views: 74.2ms | ActiveRecord: 0.0ms | Allocations: 15905)


Started GET "/" for ::1 at 2021-09-10 15:21:22 +0200
Processing by PagesController#boys as HTML
  Rendering pages/boys.html.erb within layouts/application
  Rendered pages/boys.html.erb within layouts/application (Duration: 0.3ms | Allocations: 4)
Completed 200 OK in 60ms (Views: 59.2ms | ActiveRecord: 0.0ms | Allocations: 15889)


Started GET "/" for ::1 at 2021-09-10 15:22:20 +0200
Processing by PagesController#boys as HTML
  Rendering pages/boys.html.erb within layouts/application
  Rendered pages/boys.html.erb within layouts/application (Duration: 0.1ms | Allocations: 4)
Completed 200 OK in 62ms (Views: 61.5ms | ActiveRecord: 0.0ms | Allocations: 16774)


Started GET "/" for ::1 at 2021-09-10 15:23:10 +0200
Processing by PagesController#boys as HTML
  Rendering pages/boys.html.erb within layouts/application
  Rendered pages/boys.html.erb within layouts/application (Duration: 0.9ms | Allocations: 208)
Completed 200 OK in 10ms (Views: 8.8ms | ActiveRecord: 0.0ms | Allocations: 2939)


